{
  "RSpec": {
    "coverage": {
      "/Users/silvis/Documents/code/yab-rails/app/controllers/api/v1/users_controller.rb": [
        1,
        null,
        1,
        3,
        null,
        null,
        1,
        null,
        1,
        3,
        null,
        null,
        null
      ],
      "/Users/silvis/Documents/code/yab-rails/app/controllers/application_controller.rb": [
        1,
        1,
        null,
        1,
        null,
        1,
        5,
        null,
        null,
        1,
        5,
        null,
        null
      ],
      "/Users/silvis/Documents/code/yab-rails/spec/controllers/pages_controller_spec.rb": [
        1,
        null,
        1,
        null,
        1,
        2,
        2,
        null,
        null,
        1,
        2,
        2,
        null,
        null,
        null
      ],
      "/Users/silvis/Documents/code/yab-rails/app/controllers/pages_controller.rb": [
        1,
        1,
        null,
        null,
        null,
        1,
        null,
        null,
        null
      ],
      "/Users/silvis/Documents/code/yab-rails/spec/models/user_spec.rb": [
        1,
        null,
        1,
        null,
        1,
        4,
        4,
        4,
        4,
        null,
        1,
        2,
        2,
        null,
        null,
        1,
        2,
        2,
        null,
        null,
        1,
        2,
        2,
        null,
        null,
        null,
        null,
        null
      ],
      "/Users/silvis/Documents/code/yab-rails/app/models/user.rb": [
        1,
        null,
        1,
        7,
        null,
        null,
        null
      ],
      "/Users/silvis/Documents/code/yab-rails/app/serializers/user_serializer.rb": [
        1,
        1,
        null
      ]
    },
    "timestamp": 1393899001
  }
}
