{
  "RSpec": {
    "coverage": {
      "/Users/silvis/Documents/code/yab-rails/app/controllers/api/v1/users_controller.rb": [
        1,
        1,
        3,
        null,
        null,
        1,
        null,
        1,
        3,
        null,
        null,
        null
      ],
      "/Users/silvis/Documents/code/yab-rails/app/controllers/application_controller.rb": [
        1,
        1,
        null
      ],
      "/Users/silvis/Documents/code/yab-rails/app/models/user.rb": [
        1,
        null,
        1,
        4,
        null,
        null,
        null
      ],
      "/Users/silvis/Documents/code/yab-rails/app/serializers/user_serializer.rb": [
        1,
        1,
        null
      ]
    },
    "timestamp": 1393826315
  }
}
